
> betting-api@1.0.0 start
> node src/server.js


╔═══════════════════════════════════════════════╗
║   🎮 Betting Game API Server                  ║
║   Port: 3000                               ║
║   Environment: development        ║
║   Database: PostgreSQL                        ║
╚═══════════════════════════════════════════════╝
  
2025-12-10T17:08:01.401Z - GET /api/wallet/balance
2025-12-10T17:08:01.410Z - GET /api/wallet/transactions
✅ Connected to PostgreSQL database
✅ Connected to PostgreSQL database
Executed query {
  text: 'SELECT chip_balance, total_earned, total_spent, updated_at\n' +
    '       FROM wallets\n' +
    '       WHERE user_id = $1',
  duration: 187,
  rows: 1
}
Executed query {
  text: '\n' +
    '      SELECT transaction_id, amount, transaction_type, description,\n' +
    '             balance_before, balance_after, created_at, reference_id, reference_type\n' +
    '      FROM wallet_transactions\n' +
    '      WHERE user_id = $1\n' +
    '     ORDER BY created_at DESC LIMIT $2 OFFSET $3',
  duration: 185,
  rows: 14
}
Executed query {
  text: 'SELECT COUNT(*) FROM wallet_transactions WHERE user_id = $1',
  duration: 17,
  rows: 1
}
2025-12-10T17:08:06.398Z - GET /api/betting/tables
2025-12-10T17:08:06.400Z - GET /api/betting/my-bets
2025-12-10T17:08:06.405Z - GET /api/cards/user/inventory
Executed query {
  text: '\n' +
    '      SELECT table_id, match_id, match_name, match_date, status,\n' +
    '             total_bets_placed, total_chips_wagered, opened_at, closed_at, settled_at\n' +
    '      FROM betting_tables\n' +
    '     WHERE status = $1 ORDER BY match_date DESC, opened_at DESC',
  duration: 99,
  rows: 0
}
Executed query {
  text: '\n' +
    '      SELECT pb.bet_id, pb.wager_amount, pb.multiplier, pb.potential_payout,\n' +
    '             pb.actual_payout, pb.status, pb.is_winning_card, pb.placed_at, pb.settled_at,\n' +
    '             c.card_name, c.query_name, c.rarity,\n' +
    '             bt.table_id, bt.match_id, bt.match_name, bt.status as table_status\n' +
    '      FROM placed_bets pb\n' +
    '      JOIN cards c ON pb.card_id = c.card_id\n' +
    '      JOIN betting_tables bt ON pb.table_id = bt.table_id\n' +
    '      WHERE pb.user_id = $1\n' +
    '     ORDER BY pb.placed_at DESC LIMIT $2 OFFSET $3',
  duration: 94,
  rows: 5
}
✅ Connected to PostgreSQL database
Executed query {
  text: 'SELECT uc.user_card_id, uc.card_id, uc.quantity, uc.acquired_at, uc.acquisition_type,\n' +
    '              c.card_name, c.query_name, c.query_description, c.rarity, c.base_multiplier\n' +
    '       FROM user_cards uc\n' +
    '       JOIN cards c ON uc.card_id = c.card_id\n' +
    '       WHERE uc.user_id = $1\n' +
    '       ORDER BY c.rarity DESC, uc.acquired_at DESC',
  duration: 214,
  rows: 0
}
2025-12-10T17:08:49.270Z - POST /api/betting/tables
✅ Connected to PostgreSQL database
Executed query {
  text: 'SELECT table_id FROM betting_tables WHERE match_id = $1',
  duration: 314,
  rows: 1
}
2025-12-10T17:08:55.490Z - POST /api/betting/tables
Executed query {
  text: 'SELECT table_id FROM betting_tables WHERE match_id = $1',
  duration: 20,
  rows: 0
}
Executed query {
  text: 'INSERT INTO betting_tables (match_id, match_name, match_date, status)\n' +
    "       VALUES ($1, $2, $3, 'open')\n" +
    '       RETURNING table_id, match_id, match_name, match_date, status, opened_at',
  duration: 15,
  rows: 1
}
2025-12-10T17:08:55.535Z - GET /api/betting/tables
Executed query {
  text: '\n' +
    '      SELECT table_id, match_id, match_name, match_date, status,\n' +
    '             total_bets_placed, total_chips_wagered, opened_at, closed_at, settled_at\n' +
    '      FROM betting_tables\n' +
    '     WHERE status = $1 ORDER BY match_date DESC, opened_at DESC',
  duration: 17,
  rows: 1
}
2025-12-10T17:09:24.409Z - GET /api/cards/user/inventory
Executed query {
  text: 'SELECT uc.user_card_id, uc.card_id, uc.quantity, uc.acquired_at, uc.acquisition_type,\n' +
    '              c.card_name, c.query_name, c.query_description, c.rarity, c.base_multiplier\n' +
    '       FROM user_cards uc\n' +
    '       JOIN cards c ON uc.card_id = c.card_id\n' +
    '       WHERE uc.user_id = $1\n' +
    '       ORDER BY c.rarity DESC, uc.acquired_at DESC',
  duration: 14,
  rows: 0
}
2025-12-10T17:09:31.506Z - GET /api/cards/shop
2025-12-10T17:09:31.507Z - GET /api/wallet/balance
Executed query {
  text: 'SELECT c.card_id, c.card_name, c.query_name, c.query_description,\n' +
    '              c.rarity, c.base_multiplier, c.chip_cost, c.is_tradeable,\n' +
    '              cs.is_available, cs.stock_quantity, cs.discount_percentage, cs.featured\n' +
    '       FROM cards c\n' +
    '       LEFT JOIN card_shop cs ON c.card_id = cs.card_id\n' +
    '       WHERE c.is_active = true\n' +
    '       ORDER BY \n' +
    '         CASE c.rarity\n' +
    "           WHEN 'common' THEN 1\n" +
    "           WHEN 'rare' THEN 2\n" +
    "           WHEN 'epic' THEN 3\n" +
    "           WHEN 'legendary' THEN 4\n" +
    '         END,\n' +
    '         c.chip_cost ASC',
  duration: 16,
  rows: 7
}
✅ Connected to PostgreSQL database
Executed query {
  text: 'SELECT chip_balance, total_earned, total_spent, updated_at\n' +
    '       FROM wallets\n' +
    '       WHERE user_id = $1',
  duration: 222,
  rows: 1
}
2025-12-10T17:09:49.042Z - POST /api/cards/purchase
2025-12-10T17:09:49.271Z - GET /api/wallet/balance
Executed query {
  text: 'SELECT chip_balance, total_earned, total_spent, updated_at\n' +
    '       FROM wallets\n' +
    '       WHERE user_id = $1',
  duration: 18,
  rows: 1
}
2025-12-10T17:09:53.248Z - GET /api/betting/tables
2025-12-10T17:09:53.249Z - GET /api/betting/my-bets
2025-12-10T17:09:53.251Z - GET /api/cards/user/inventory
Executed query {
  text: '\n' +
    '      SELECT pb.bet_id, pb.wager_amount, pb.multiplier, pb.potential_payout,\n' +
    '             pb.actual_payout, pb.status, pb.is_winning_card, pb.placed_at, pb.settled_at,\n' +
    '             c.card_name, c.query_name, c.rarity,\n' +
    '             bt.table_id, bt.match_id, bt.match_name, bt.status as table_status\n' +
    '      FROM placed_bets pb\n' +
    '      JOIN cards c ON pb.card_id = c.card_id\n' +
    '      JOIN betting_tables bt ON pb.table_id = bt.table_id\n' +
    '      WHERE pb.user_id = $1\n' +
    '     ORDER BY pb.placed_at DESC LIMIT $2 OFFSET $3',
  duration: 97,
  rows: 5
}
Executed query {
  text: '\n' +
    '      SELECT table_id, match_id, match_name, match_date, status,\n' +
    '             total_bets_placed, total_chips_wagered, opened_at, closed_at, settled_at\n' +
    '      FROM betting_tables\n' +
    '     WHERE status = $1 ORDER BY match_date DESC, opened_at DESC',
  duration: 102,
  rows: 1
}
✅ Connected to PostgreSQL database
Executed query {
  text: 'SELECT uc.user_card_id, uc.card_id, uc.quantity, uc.acquired_at, uc.acquisition_type,\n' +
    '              c.card_name, c.query_name, c.query_description, c.rarity, c.base_multiplier\n' +
    '       FROM user_cards uc\n' +
    '       JOIN cards c ON uc.card_id = c.card_id\n' +
    '       WHERE uc.user_id = $1\n' +
    '       ORDER BY c.rarity DESC, uc.acquired_at DESC',
  duration: 306,
  rows: 1
}
2025-12-10T17:10:09.558Z - POST /api/betting/place-bet
2025-12-10T17:10:09.742Z - GET /api/wallet/balance
2025-12-10T17:10:09.745Z - GET /api/betting/my-bets
2025-12-10T17:10:09.746Z - GET /api/cards/user/inventory
Executed query {
  text: 'SELECT chip_balance, total_earned, total_spent, updated_at\n' +
    '       FROM wallets\n' +
    '       WHERE user_id = $1',
  duration: 17,
  rows: 1
}
Executed query {
  text: 'SELECT uc.user_card_id, uc.card_id, uc.quantity, uc.acquired_at, uc.acquisition_type,\n' +
    '              c.card_name, c.query_name, c.query_description, c.rarity, c.base_multiplier\n' +
    '       FROM user_cards uc\n' +
    '       JOIN cards c ON uc.card_id = c.card_id\n' +
    '       WHERE uc.user_id = $1\n' +
    '       ORDER BY c.rarity DESC, uc.acquired_at DESC',
  duration: 16,
  rows: 0
}
Executed query {
  text: '\n' +
    '      SELECT pb.bet_id, pb.wager_amount, pb.multiplier, pb.potential_payout,\n' +
    '             pb.actual_payout, pb.status, pb.is_winning_card, pb.placed_at, pb.settled_at,\n' +
    '             c.card_name, c.query_name, c.rarity,\n' +
    '             bt.table_id, bt.match_id, bt.match_name, bt.status as table_status\n' +
    '      FROM placed_bets pb\n' +
    '      JOIN cards c ON pb.card_id = c.card_id\n' +
    '      JOIN betting_tables bt ON pb.table_id = bt.table_id\n' +
    '      WHERE pb.user_id = $1\n' +
    '     ORDER BY pb.placed_at DESC LIMIT $2 OFFSET $3',
  duration: 18,
  rows: 6
}
2025-12-10T17:10:19.253Z - POST /api/betting/tables/6/settle
2025-12-10T17:10:19.552Z - GET /api/betting/tables
2025-12-10T17:10:19.553Z - GET /api/wallet/balance
2025-12-10T17:10:19.558Z - GET /api/betting/my-bets
Executed query {
  text: '\n' +
    '      SELECT table_id, match_id, match_name, match_date, status,\n' +
    '             total_bets_placed, total_chips_wagered, opened_at, closed_at, settled_at\n' +
    '      FROM betting_tables\n' +
    '     WHERE status = $1 ORDER BY match_date DESC, opened_at DESC',
  duration: 16,
  rows: 0
}
Executed query {
  text: '\n' +
    '      SELECT pb.bet_id, pb.wager_amount, pb.multiplier, pb.potential_payout,\n' +
    '             pb.actual_payout, pb.status, pb.is_winning_card, pb.placed_at, pb.settled_at,\n' +
    '             c.card_name, c.query_name, c.rarity,\n' +
    '             bt.table_id, bt.match_id, bt.match_name, bt.status as table_status\n' +
    '      FROM placed_bets pb\n' +
    '      JOIN cards c ON pb.card_id = c.card_id\n' +
    '      JOIN betting_tables bt ON pb.table_id = bt.table_id\n' +
    '      WHERE pb.user_id = $1\n' +
    '     ORDER BY pb.placed_at DESC LIMIT $2 OFFSET $3',
  duration: 12,
  rows: 6
}
Executed query {
  text: 'SELECT chip_balance, total_earned, total_spent, updated_at\n' +
    '       FROM wallets\n' +
    '       WHERE user_id = $1',
  duration: 17,
  rows: 1
}
2025-12-10T17:10:34.948Z - GET /api/cards/shop
2025-12-10T17:10:34.949Z - GET /api/wallet/balance
Executed query {
  text: 'SELECT chip_balance, total_earned, total_spent, updated_at\n' +
    '       FROM wallets\n' +
    '       WHERE user_id = $1',
  duration: 14,
  rows: 1
}
Executed query {
  text: 'SELECT c.card_id, c.card_name, c.query_name, c.query_description,\n' +
    '              c.rarity, c.base_multiplier, c.chip_cost, c.is_tradeable,\n' +
    '              cs.is_available, cs.stock_quantity, cs.discount_percentage, cs.featured\n' +
    '       FROM cards c\n' +
    '       LEFT JOIN card_shop cs ON c.card_id = cs.card_id\n' +
    '       WHERE c.is_active = true\n' +
    '       ORDER BY \n' +
    '         CASE c.rarity\n' +
    "           WHEN 'common' THEN 1\n" +
    "           WHEN 'rare' THEN 2\n" +
    "           WHEN 'epic' THEN 3\n" +
    "           WHEN 'legendary' THEN 4\n" +
    '         END,\n' +
    '         c.chip_cost ASC',
  duration: 17,
  rows: 7
}
2025-12-10T17:10:35.964Z - GET /api/cards/user/inventory
Executed query {
  text: 'SELECT uc.user_card_id, uc.card_id, uc.quantity, uc.acquired_at, uc.acquisition_type,\n' +
    '              c.card_name, c.query_name, c.query_description, c.rarity, c.base_multiplier\n' +
    '       FROM user_cards uc\n' +
    '       JOIN cards c ON uc.card_id = c.card_id\n' +
    '       WHERE uc.user_id = $1\n' +
    '       ORDER BY c.rarity DESC, uc.acquired_at DESC',
  duration: 15,
  rows: 0
}
2025-12-10T17:10:36.733Z - GET /api/betting/tables
2025-12-10T17:10:36.734Z - GET /api/cards/user/inventory
2025-12-10T17:10:36.736Z - GET /api/betting/my-bets
Executed query {
  text: '\n' +
    '      SELECT table_id, match_id, match_name, match_date, status,\n' +
    '             total_bets_placed, total_chips_wagered, opened_at, closed_at, settled_at\n' +
    '      FROM betting_tables\n' +
    '     WHERE status = $1 ORDER BY match_date DESC, opened_at DESC',
  duration: 95,
  rows: 0
}
Executed query {
  text: 'SELECT uc.user_card_id, uc.card_id, uc.quantity, uc.acquired_at, uc.acquisition_type,\n' +
    '              c.card_name, c.query_name, c.query_description, c.rarity, c.base_multiplier\n' +
    '       FROM user_cards uc\n' +
    '       JOIN cards c ON uc.card_id = c.card_id\n' +
    '       WHERE uc.user_id = $1\n' +
    '       ORDER BY c.rarity DESC, uc.acquired_at DESC',
  duration: 94,
  rows: 0
}
Executed query {
  text: '\n' +
    '      SELECT pb.bet_id, pb.wager_amount, pb.multiplier, pb.potential_payout,\n' +
    '             pb.actual_payout, pb.status, pb.is_winning_card, pb.placed_at, pb.settled_at,\n' +
    '             c.card_name, c.query_name, c.rarity,\n' +
    '             bt.table_id, bt.match_id, bt.match_name, bt.status as table_status\n' +
    '      FROM placed_bets pb\n' +
    '      JOIN cards c ON pb.card_id = c.card_id\n' +
    '      JOIN betting_tables bt ON pb.table_id = bt.table_id\n' +
    '      WHERE pb.user_id = $1\n' +
    '     ORDER BY pb.placed_at DESC LIMIT $2 OFFSET $3',
  duration: 96,
  rows: 6
}
2025-12-10T17:10:37.435Z - GET /api/wallet/balance
2025-12-10T17:10:37.441Z - GET /api/wallet/transactions
Executed query {
  text: 'SELECT chip_balance, total_earned, total_spent, updated_at\n' +
    '       FROM wallets\n' +
    '       WHERE user_id = $1',
  duration: 17,
  rows: 1
}
Executed query {
  text: '\n' +
    '      SELECT transaction_id, amount, transaction_type, description,\n' +
    '             balance_before, balance_after, created_at, reference_id, reference_type\n' +
    '      FROM wallet_transactions\n' +
    '      WHERE user_id = $1\n' +
    '     ORDER BY created_at DESC LIMIT $2 OFFSET $3',
  duration: 16,
  rows: 17
}
Executed query {
  text: 'SELECT COUNT(*) FROM wallet_transactions WHERE user_id = $1',
  duration: 16,
  rows: 1
}
2025-12-10T17:18:11.341Z - GET /api/betting/tables
2025-12-10T17:18:11.341Z - GET /api/betting/my-bets
2025-12-10T17:18:11.343Z - GET /api/cards/user/inventory
✅ Connected to PostgreSQL database
✅ Connected to PostgreSQL database
✅ Connected to PostgreSQL database
Executed query {
  text: '\n' +
    '      SELECT table_id, match_id, match_name, match_date, status,\n' +
    '             total_bets_placed, total_chips_wagered, opened_at, closed_at, settled_at\n' +
    '      FROM betting_tables\n' +
    '     WHERE status = $1 ORDER BY match_date DESC, opened_at DESC',
  duration: 316,
  rows: 0
}
Executed query {
  text: 'SELECT uc.user_card_id, uc.card_id, uc.quantity, uc.acquired_at, uc.acquisition_type,\n' +
    '              c.card_name, c.query_name, c.query_description, c.rarity, c.base_multiplier\n' +
    '       FROM user_cards uc\n' +
    '       JOIN cards c ON uc.card_id = c.card_id\n' +
    '       WHERE uc.user_id = $1\n' +
    '       ORDER BY c.rarity DESC, uc.acquired_at DESC',
  duration: 314,
  rows: 0
}
Executed query {
  text: '\n' +
    '      SELECT pb.bet_id, pb.wager_amount, pb.multiplier, pb.potential_payout,\n' +
    '             pb.actual_payout, pb.status, pb.is_winning_card, pb.placed_at, pb.settled_at,\n' +
    '             c.card_name, c.query_name, c.rarity,\n' +
    '             bt.table_id, bt.match_id, bt.match_name, bt.status as table_status\n' +
    '      FROM placed_bets pb\n' +
    '      JOIN cards c ON pb.card_id = c.card_id\n' +
    '      JOIN betting_tables bt ON pb.table_id = bt.table_id\n' +
    '      WHERE pb.user_id = $1\n' +
    '     ORDER BY pb.placed_at DESC LIMIT $2 OFFSET $3',
  duration: 320,
  rows: 6
}
2025-12-10T17:18:25.382Z - POST /api/betting/tables
Executed query {
  text: 'SELECT table_id FROM betting_tables WHERE match_id = $1',
  duration: 19,
  rows: 0
}
Executed query {
  text: 'INSERT INTO betting_tables (match_id, match_name, match_date, status)\n' +
    "       VALUES ($1, $2, $3, 'open')\n" +
    '       RETURNING table_id, match_id, match_name, match_date, status, opened_at',
  duration: 17,
  rows: 1
}
2025-12-10T17:18:25.425Z - GET /api/betting/tables
Executed query {
  text: '\n' +
    '      SELECT table_id, match_id, match_name, match_date, status,\n' +
    '             total_bets_placed, total_chips_wagered, opened_at, closed_at, settled_at\n' +
    '      FROM betting_tables\n' +
    '     WHERE status = $1 ORDER BY match_date DESC, opened_at DESC',
  duration: 15,
  rows: 1
}
2025-12-10T17:18:41.173Z - GET /api/cards/user/inventory
Executed query {
  text: 'SELECT uc.user_card_id, uc.card_id, uc.quantity, uc.acquired_at, uc.acquisition_type,\n' +
    '              c.card_name, c.query_name, c.query_description, c.rarity, c.base_multiplier\n' +
    '       FROM user_cards uc\n' +
    '       JOIN cards c ON uc.card_id = c.card_id\n' +
    '       WHERE uc.user_id = $1\n' +
    '       ORDER BY c.rarity DESC, uc.acquired_at DESC',
  duration: 14,
  rows: 0
}
2025-12-10T17:18:48.305Z - GET /api/cards/shop
2025-12-10T17:18:48.306Z - GET /api/wallet/balance
Executed query {
  text: 'SELECT c.card_id, c.card_name, c.query_name, c.query_description,\n' +
    '              c.rarity, c.base_multiplier, c.chip_cost, c.is_tradeable,\n' +
    '              cs.is_available, cs.stock_quantity, cs.discount_percentage, cs.featured\n' +
    '       FROM cards c\n' +
    '       LEFT JOIN card_shop cs ON c.card_id = cs.card_id\n' +
    '       WHERE c.is_active = true\n' +
    '       ORDER BY \n' +
    '         CASE c.rarity\n' +
    "           WHEN 'common' THEN 1\n" +
    "           WHEN 'rare' THEN 2\n" +
    "           WHEN 'epic' THEN 3\n" +
    "           WHEN 'legendary' THEN 4\n" +
    '         END,\n' +
    '         c.chip_cost ASC',
  duration: 16,
  rows: 7
}
✅ Connected to PostgreSQL database
Executed query {
  text: 'SELECT chip_balance, total_earned, total_spent, updated_at\n' +
    '       FROM wallets\n' +
    '       WHERE user_id = $1',
  duration: 220,
  rows: 1
}
2025-12-10T17:18:52.579Z - POST /api/cards/purchase
2025-12-10T17:18:52.722Z - GET /api/wallet/balance
Executed query {
  text: 'SELECT chip_balance, total_earned, total_spent, updated_at\n' +
    '       FROM wallets\n' +
    '       WHERE user_id = $1',
  duration: 17,
  rows: 1
}
2025-12-10T17:19:04.113Z - POST /api/cards/purchase
2025-12-10T17:19:04.254Z - GET /api/wallet/balance
Executed query {
  text: 'SELECT chip_balance, total_earned, total_spent, updated_at\n' +
    '       FROM wallets\n' +
    '       WHERE user_id = $1',
  duration: 17,
  rows: 1
}
2025-12-10T17:19:08.920Z - GET /api/betting/tables
2025-12-10T17:19:08.923Z - GET /api/betting/my-bets
2025-12-10T17:19:08.925Z - GET /api/cards/user/inventory
Executed query {
  text: '\n' +
    '      SELECT table_id, match_id, match_name, match_date, status,\n' +
    '             total_bets_placed, total_chips_wagered, opened_at, closed_at, settled_at\n' +
    '      FROM betting_tables\n' +
    '     WHERE status = $1 ORDER BY match_date DESC, opened_at DESC',
  duration: 16,
  rows: 1
}
Executed query {
  text: '\n' +
    '      SELECT pb.bet_id, pb.wager_amount, pb.multiplier, pb.potential_payout,\n' +
    '             pb.actual_payout, pb.status, pb.is_winning_card, pb.placed_at, pb.settled_at,\n' +
    '             c.card_name, c.query_name, c.rarity,\n' +
    '             bt.table_id, bt.match_id, bt.match_name, bt.status as table_status\n' +
    '      FROM placed_bets pb\n' +
    '      JOIN cards c ON pb.card_id = c.card_id\n' +
    '      JOIN betting_tables bt ON pb.table_id = bt.table_id\n' +
    '      WHERE pb.user_id = $1\n' +
    '     ORDER BY pb.placed_at DESC LIMIT $2 OFFSET $3',
  duration: 15,
  rows: 6
}
✅ Connected to PostgreSQL database
Executed query {
  text: 'SELECT uc.user_card_id, uc.card_id, uc.quantity, uc.acquired_at, uc.acquisition_type,\n' +
    '              c.card_name, c.query_name, c.query_description, c.rarity, c.base_multiplier\n' +
    '       FROM user_cards uc\n' +
    '       JOIN cards c ON uc.card_id = c.card_id\n' +
    '       WHERE uc.user_id = $1\n' +
    '       ORDER BY c.rarity DESC, uc.acquired_at DESC',
  duration: 307,
  rows: 1
}
2025-12-10T17:19:24.836Z - POST /api/betting/place-bet
2025-12-10T17:19:25.082Z - GET /api/wallet/balance
2025-12-10T17:19:25.085Z - GET /api/betting/my-bets
2025-12-10T17:19:25.087Z - GET /api/cards/user/inventory
Executed query {
  text: 'SELECT chip_balance, total_earned, total_spent, updated_at\n' +
    '       FROM wallets\n' +
    '       WHERE user_id = $1',
  duration: 15,
  rows: 1
}
Executed query {
  text: '\n' +
    '      SELECT pb.bet_id, pb.wager_amount, pb.multiplier, pb.potential_payout,\n' +
    '             pb.actual_payout, pb.status, pb.is_winning_card, pb.placed_at, pb.settled_at,\n' +
    '             c.card_name, c.query_name, c.rarity,\n' +
    '             bt.table_id, bt.match_id, bt.match_name, bt.status as table_status\n' +
    '      FROM placed_bets pb\n' +
    '      JOIN cards c ON pb.card_id = c.card_id\n' +
    '      JOIN betting_tables bt ON pb.table_id = bt.table_id\n' +
    '      WHERE pb.user_id = $1\n' +
    '     ORDER BY pb.placed_at DESC LIMIT $2 OFFSET $3',
  duration: 14,
  rows: 7
}
Executed query {
  text: 'SELECT uc.user_card_id, uc.card_id, uc.quantity, uc.acquired_at, uc.acquisition_type,\n' +
    '              c.card_name, c.query_name, c.query_description, c.rarity, c.base_multiplier\n' +
    '       FROM user_cards uc\n' +
    '       JOIN cards c ON uc.card_id = c.card_id\n' +
    '       WHERE uc.user_id = $1\n' +
    '       ORDER BY c.rarity DESC, uc.acquired_at DESC',
  duration: 14,
  rows: 1
}
2025-12-10T17:19:31.632Z - POST /api/betting/tables/7/settle
2025-12-10T17:19:31.884Z - GET /api/betting/tables
2025-12-10T17:19:31.886Z - GET /api/wallet/balance
2025-12-10T17:19:31.889Z - GET /api/betting/my-bets
Executed query {
  text: '\n' +
    '      SELECT table_id, match_id, match_name, match_date, status,\n' +
    '             total_bets_placed, total_chips_wagered, opened_at, closed_at, settled_at\n' +
    '      FROM betting_tables\n' +
    '     WHERE status = $1 ORDER BY match_date DESC, opened_at DESC',
  duration: 14,
  rows: 0
}
Executed query {
  text: 'SELECT chip_balance, total_earned, total_spent, updated_at\n' +
    '       FROM wallets\n' +
    '       WHERE user_id = $1',
  duration: 15,
  rows: 1
}
Executed query {
  text: '\n' +
    '      SELECT pb.bet_id, pb.wager_amount, pb.multiplier, pb.potential_payout,\n' +
    '             pb.actual_payout, pb.status, pb.is_winning_card, pb.placed_at, pb.settled_at,\n' +
    '             c.card_name, c.query_name, c.rarity,\n' +
    '             bt.table_id, bt.match_id, bt.match_name, bt.status as table_status\n' +
    '      FROM placed_bets pb\n' +
    '      JOIN cards c ON pb.card_id = c.card_id\n' +
    '      JOIN betting_tables bt ON pb.table_id = bt.table_id\n' +
    '      WHERE pb.user_id = $1\n' +
    '     ORDER BY pb.placed_at DESC LIMIT $2 OFFSET $3',
  duration: 14,
  rows: 7
}
2025-12-10T17:20:49.373Z - GET /api/cards/user/inventory
✅ Connected to PostgreSQL database
Executed query {
  text: 'SELECT uc.user_card_id, uc.card_id, uc.quantity, uc.acquired_at, uc.acquisition_type,\n' +
    '              c.card_name, c.query_name, c.query_description, c.rarity, c.base_multiplier\n' +
    '       FROM user_cards uc\n' +
    '       JOIN cards c ON uc.card_id = c.card_id\n' +
    '       WHERE uc.user_id = $1\n' +
    '       ORDER BY c.rarity DESC, uc.acquired_at DESC',
  duration: 209,
  rows: 1
}
2025-12-10T17:20:59.864Z - GET /api/betting/tables
2025-12-10T17:20:59.866Z - GET /api/betting/my-bets
2025-12-10T17:20:59.868Z - GET /api/cards/user/inventory
Executed query {
  text: '\n' +
    '      SELECT table_id, match_id, match_name, match_date, status,\n' +
    '             total_bets_placed, total_chips_wagered, opened_at, closed_at, settled_at\n' +
    '      FROM betting_tables\n' +
    '     WHERE status = $1 ORDER BY match_date DESC, opened_at DESC',
  duration: 13,
  rows: 0
}
✅ Connected to PostgreSQL database
✅ Connected to PostgreSQL database
Executed query {
  text: 'SELECT uc.user_card_id, uc.card_id, uc.quantity, uc.acquired_at, uc.acquisition_type,\n' +
    '              c.card_name, c.query_name, c.query_description, c.rarity, c.base_multiplier\n' +
    '       FROM user_cards uc\n' +
    '       JOIN cards c ON uc.card_id = c.card_id\n' +
    '       WHERE uc.user_id = $1\n' +
    '       ORDER BY c.rarity DESC, uc.acquired_at DESC',
  duration: 218,
  rows: 1
}
Executed query {
  text: '\n' +
    '      SELECT pb.bet_id, pb.wager_amount, pb.multiplier, pb.potential_payout,\n' +
    '             pb.actual_payout, pb.status, pb.is_winning_card, pb.placed_at, pb.settled_at,\n' +
    '             c.card_name, c.query_name, c.rarity,\n' +
    '             bt.table_id, bt.match_id, bt.match_name, bt.status as table_status\n' +
    '      FROM placed_bets pb\n' +
    '      JOIN cards c ON pb.card_id = c.card_id\n' +
    '      JOIN betting_tables bt ON pb.table_id = bt.table_id\n' +
    '      WHERE pb.user_id = $1\n' +
    '     ORDER BY pb.placed_at DESC LIMIT $2 OFFSET $3',
  duration: 222,
  rows: 7
}
